<?xml version="1.0" encoding="UTF-8"?>
<!-- Generated by org.testng.reporters.JUnitReportReporter -->
<testsuite skipped="0" hostname="DESKTOP-GB4PM6C" name="com.Base.LoginTest" tests="1" failures="0" timestamp="07 May 2021 06:58:12 GMT" time="73.298" errors="0">
  <testcase name="login" time="73.298" classname="com.Base.LoginTest"/>
</testsuite> <!-- com.Base.LoginTest -->
